<?xml version="1.0" encoding="UTF-8"?>
<!-- Generated by org.testng.reporters.JUnitXMLReporter -->
<testsuite ignored="0" hostname="BDC7-L-72000NF" failures="1" tests="3" name="First Test" time="0.174" errors="0" timestamp="2019-11-28T17:06:22 IST">
  <testcase classname="com.test2.TestCases" name="Login" time="0.042"/>
  <testcase classname="com.test2.TestCases" name="TestToFail" time="0.009">
    <failure type="java.lang.AssertionError" message="did not expect to find [true] but found [false]">
      <![CDATA[java.lang.AssertionError: did not expect to find [true] but found [false]
at com.test2.TestCases.TestToFail(TestCases.java:23)
at java.base/java.util.ArrayList.forEach(ArrayList.java:1540)
... Removed 31 stack frames]]>
    </failure>
  </testcase> <!-- TestToFail -->
  <testcase classname="com.test2.TestCases" name="test3" time="0.005"/>
</testsuite> <!-- First Test -->
