<?xml version="1.0" encoding="UTF-8"?>
<!-- Generated by org.testng.reporters.JUnitXMLReporter -->
<testsuite ignored="0" hostname="BDC7-L-72000NF" failures="0" tests="5" name="Default test" time="0.174" errors="0" timestamp="2019-12-30T15:35:31 IST">
  <testcase classname="com.test.TestNGBasics" name="googleTitleTest2" time="0.01"/>
  <testcase classname="com.test.TestNGBasics" name="googleTitleTest1" time="0.021"/>
  <testcase classname="com.test.TestNGBasics" name="googleTitleTest3" time="0.001"/>
  <testcase classname="com.test.TestNGBasics" name="googleTitleTest4" time="0.003"/>
  <testcase classname="com.test.TestNGBasics" name="googleTitleTest5" time="0.016"/>
</testsuite> <!-- Default test -->
