<?xml version="1.0" encoding="UTF-8"?>
<testng-results ignored="0" total="5" passed="5" failed="0" skipped="0">
  <reporter-output>
  </reporter-output>
  <suite started-at="2019-12-30T15:35:30 IST" name="Default suite" finished-at="2019-12-30T15:35:31 IST" duration-ms="174">
    <groups>
      <group name="Mode1">
        <method signature="TestNGBasics.googleTitleTest3()[pri:1, instance:com.test.TestNGBasics@23986957]" name="googleTitleTest3" class="com.test.TestNGBasics"/>
        <method signature="TestNGBasics.googleTitleTest4()[pri:0, instance:com.test.TestNGBasics@23986957]" name="googleTitleTest4" class="com.test.TestNGBasics"/>
      </group> <!-- Mode1 -->
    </groups>
    <test started-at="2019-12-30T15:35:30 IST" name="Default test" finished-at="2019-12-30T15:35:31 IST" duration-ms="174">
      <class name="com.test.TestNGBasics">
        <test-method is-config="true" signature="setUp()[pri:0, instance:com.test.TestNGBasics@23986957]" started-at="2019-12-30T15:35:30 IST" name="setUp" finished-at="2019-12-30T15:35:30 IST" duration-ms="27" status="PASS">
          <reporter-output>
          </reporter-output>
        </test-method> <!-- setUp -->
        <test-method is-config="true" signature="LaunchBrowser()[pri:0, instance:com.test.TestNGBasics@23986957]" started-at="2019-12-30T15:35:30 IST" name="LaunchBrowser" finished-at="2019-12-30T15:35:30 IST" duration-ms="1" status="PASS">
          <reporter-output>
          </reporter-output>
        </test-method> <!-- LaunchBrowser -->
        <test-method is-config="true" signature="login()[pri:0, instance:com.test.TestNGBasics@23986957]" started-at="2019-12-30T15:35:30 IST" name="login" finished-at="2019-12-30T15:35:30 IST" duration-ms="1" status="PASS">
          <reporter-output>
          </reporter-output>
        </test-method> <!-- login -->
        <test-method is-config="true" signature="enterURL()[pri:0, instance:com.test.TestNGBasics@23986957]" started-at="2019-12-30T15:35:30 IST" name="enterURL" finished-at="2019-12-30T15:35:30 IST" duration-ms="1" status="PASS">
          <reporter-output>
          </reporter-output>
        </test-method> <!-- enterURL -->
        <test-method signature="googleTitleTest2(java.lang.String)[pri:0, instance:com.test.TestNGBasics@23986957]" started-at="2019-12-30T15:35:30 IST" name="googleTitleTest2" finished-at="2019-12-30T15:35:30 IST" duration-ms="10" status="PASS">
          <params>
            <param index="0">
              <value>
                <![CDATA[param-val-not-found]]>
              </value>
            </param>
          </params>
          <reporter-output>
          </reporter-output>
        </test-method> <!-- googleTitleTest2 -->
        <test-method is-config="true" signature="enterURL()[pri:0, instance:com.test.TestNGBasics@23986957]" started-at="2019-12-30T15:35:30 IST" name="enterURL" finished-at="2019-12-30T15:35:30 IST" duration-ms="1" status="PASS">
          <reporter-output>
          </reporter-output>
        </test-method> <!-- enterURL -->
        <test-method signature="googleTitleTest1()[pri:1, instance:com.test.TestNGBasics@23986957]" started-at="2019-12-30T15:35:30 IST" name="googleTitleTest1" finished-at="2019-12-30T15:35:30 IST" duration-ms="21" status="PASS">
          <reporter-output>
          </reporter-output>
        </test-method> <!-- googleTitleTest1 -->
        <test-method is-config="true" signature="enterURL()[pri:0, instance:com.test.TestNGBasics@23986957]" started-at="2019-12-30T15:35:30 IST" name="enterURL" finished-at="2019-12-30T15:35:30 IST" duration-ms="1" status="PASS">
          <reporter-output>
          </reporter-output>
        </test-method> <!-- enterURL -->
        <test-method signature="googleTitleTest3()[pri:1, instance:com.test.TestNGBasics@23986957]" started-at="2019-12-30T15:35:30 IST" name="googleTitleTest3" finished-at="2019-12-30T15:35:30 IST" duration-ms="1" status="PASS">
          <reporter-output>
          </reporter-output>
        </test-method> <!-- googleTitleTest3 -->
        <test-method is-config="true" signature="enterURL()[pri:0, instance:com.test.TestNGBasics@23986957]" started-at="2019-12-30T15:35:31 IST" name="enterURL" finished-at="2019-12-30T15:35:31 IST" duration-ms="1" status="PASS">
          <reporter-output>
          </reporter-output>
        </test-method> <!-- enterURL -->
        <test-method signature="googleTitleTest4()[pri:0, instance:com.test.TestNGBasics@23986957]" started-at="2019-12-30T15:35:31 IST" name="googleTitleTest4" finished-at="2019-12-30T15:35:31 IST" depends-on-methods="com.test.TestNGBasics.googleTitleTest3" duration-ms="3" status="PASS">
          <reporter-output>
          </reporter-output>
        </test-method> <!-- googleTitleTest4 -->
        <test-method is-config="true" signature="enterURL()[pri:0, instance:com.test.TestNGBasics@23986957]" started-at="2019-12-30T15:35:31 IST" name="enterURL" finished-at="2019-12-30T15:35:31 IST" duration-ms="1" status="PASS">
          <reporter-output>
          </reporter-output>
        </test-method> <!-- enterURL -->
        <test-method signature="googleTitleTest5()[pri:1, instance:com.test.TestNGBasics@23986957]" started-at="2019-12-30T15:35:31 IST" name="googleTitleTest5" finished-at="2019-12-30T15:35:31 IST" depends-on-methods="com.test.TestNGBasics.googleTitleTest2" duration-ms="16" status="PASS">
          <reporter-output>
          </reporter-output>
        </test-method> <!-- googleTitleTest5 -->
        <test-method is-config="true" signature="DeleteallCookies()[pri:0, instance:com.test.TestNGBasics@23986957]" started-at="2019-12-30T15:35:31 IST" name="DeleteallCookies" finished-at="2019-12-30T15:35:31 IST" duration-ms="1" status="PASS">
          <reporter-output>
          </reporter-output>
        </test-method> <!-- DeleteallCookies -->
      </class> <!-- com.test.TestNGBasics -->
    </test> <!-- Default test -->
  </suite> <!-- Default suite -->
</testng-results>
