<?xml version="1.0" encoding="UTF-8"?>
<!-- Generated by org.testng.reporters.JUnitXMLReporter -->
<testsuite ignored="0" hostname="BDC7-L-72000NF" failures="0" tests="3" name="First Test" time="0.128" errors="0" timestamp="2019-11-26T15:45:51 IST">
  <testcase classname="com.test2.ParameterizedTest1" name="TestParametersinTest" time="0.027"/>
  <testcase classname="com.test2.ParameterizedTest1" name="TestParametersinTest" time="0.002"/>
  <testcase classname="com.test2.ParameterizedTest1" name="TestParametersinTest" time="0.002"/>
</testsuite> <!-- First Test -->
